<?xml version="1.0" encoding="UTF-8"?>
<!-- Generated by org.testng.reporters.JUnitXMLReporter -->
<testsuite ignored="4" hostname="chaithanya" failures="0" tests="1" name="JobbyAppTest5" time="0.074" errors="0" timestamp="2024-12-16T14:22:27 IST">
  <testcase classname="org.baseClasses.baseClassForTestNG" name="@BeforeMethod setUp" time="-1.734339147208E9">
    <failure type="org.testng.TestNGException" message="
Parameter &amp;apos;br&amp;apos; is required by BeforeMethod on method setUp but has not been marked @Optional or defined
in C:\Users\HP\AppData\Local\JetBrains\IdeaIC2024.1\temp-testng-customsuite.xml">
      <![CDATA[org.testng.TestNGException: 
Parameter 'br' is required by BeforeMethod on method setUp but has not been marked @Optional or defined
in C:\Users\HP\AppData\Local\JetBrains\IdeaIC2024.1\temp-testng-customsuite.xml
at java.base/java.util.ArrayList.forEach(ArrayList.java:1597)
at com.intellij.rt.testng.IDEARemoteTestNG.run(IDEARemoteTestNG.java:65)
at com.intellij.rt.testng.RemoteTestNGStarter.main(RemoteTestNGStarter.java:105)
... Removed 25 stack frames]]>
    </failure>
  </testcase> <!-- @BeforeMethod setUp -->
  <testcase classname="org.baseClasses.baseClassForTestNG" name="@AfterMethod tearDown" time="0.0">
    <skipped/>
  </testcase> <!-- @AfterMethod tearDown -->
  <testcase classname="org.example.HeaderSectionTest" name="navBarHome" time="0.0">
    <skipped/>
  </testcase> <!-- navBarHome -->
  <testcase classname="org.example.HeaderSectionTest" name="navBarHOme" time="0.0">
    <ignored/>
  </testcase> <!-- navBarHOme -->
  <testcase classname="org.example.HeaderSectionTest" name="logOut" time="0.0">
    <ignored/>
  </testcase> <!-- logOut -->
  <testcase classname="org.example.HeaderSectionTest" name="appLogoImage" time="0.0">
    <ignored/>
  </testcase> <!-- appLogoImage -->
  <testcase classname="org.example.HeaderSectionTest" name="appLogoLink" time="0.0">
    <ignored/>
  </testcase> <!-- appLogoLink -->
</testsuite> <!-- JobbyAppTest5 -->
